2019-09-16 12:23:40,916 - framework.config_file - INFO - You had select Chrome browser.
2019-09-16 12:23:40,916 - framework.config_file - INFO - The test server url is: http://192.168.1.192:9000/index.html
2019-09-16 12:23:43,458 - framework.driver.web_driver - INFO - starting Chrome browser
2019-09-16 12:23:55,779 - framework.driver.web_driver - INFO - starting Chrome browser
2019-09-16 12:24:04,577 - framework.driver.web_driver - INFO - starting Chrome browser
2019-09-16 12:24:13,583 - framework.driver.web_driver - INFO - starting Chrome browser
2019-09-16 12:24:22,472 - framework.driver.web_driver - INFO - starting Chrome browser
2019-09-16 12:24:30,925 - framework.driver.web_driver - INFO - starting Chrome browser
2019-09-16 12:24:39,367 - framework.driver.web_driver - INFO - starting Chrome browser
2019-09-16 12:24:48,112 - framework.driver.web_driver - INFO - starting Chrome browser
2019-09-16 12:24:56,769 - framework.driver.web_driver - INFO - starting Chrome browser
2019-09-16 12:25:05,281 - framework.driver.web_driver - INFO - starting Chrome browser
2019-09-16 12:25:13,626 - framework.driver.web_driver - INFO - starting Chrome browser
2019-09-16 12:25:24,570 - framework.driver.web_driver - INFO - starting Chrome browser
2019-09-16 12:25:35,512 - framework.driver.web_driver - INFO - starting Chrome browser
2019-09-16 12:25:43,839 - framework.driver.web_driver - INFO - starting Chrome browser
2019-09-16 12:25:49,948 - __main__ - INFO - 生成测试报告
2019-09-16 12:25:49,949 - Report - INFO - 初始化邮件数据
2019-09-16 12:25:49,949 - Report - INFO - 查找最新生成的测试报告
2019-09-16 12:25:49,967 - Report - INFO - 发送邮件初始化
2019-09-16 12:25:49,968 - Report - INFO - 添加邮件正文
2019-09-16 12:25:49,971 - Report - INFO - 添加邮件附件
2019-09-16 12:25:49,971 - Report - INFO - 邮件服务器连接
2019-09-16 12:25:51,787 - Report - INFO - 邮件发送成功
